e:\mpi_projects\mpi_demo\mpi_demo\x64\debug\vc142.pdb
e:\mpi_projects\mpi_demo\mpi_demo\x64\debug\vc142.idb
e:\mpi_projects\mpi_demo\mpi_demo\x64\debug\snglscan.obj
e:\mpi_projects\mpi_demo\mpi_demo\x64\debug\mpistruct.obj
e:\mpi_projects\mpi_demo\mpi_demo\x64\debug\main.obj
e:\mpi_projects\mpi_demo\mpi_demo\x64\debug\mv.obj
e:\mpi_projects\mpi_demo\mpi_demo\x64\debug\ring.obj
e:\mpi_projects\mpi_demo\mpi_demo\x64\debug\rcmatmul.obj
e:\mpi_projects\mpi_demo\mpi_demo\x64\debug\proc2d.obj
e:\mpi_projects\mpi_demo\mpi_demo\x64\debug\myend.obj
e:\mpi_projects\mpi_demo\mpi_demo\x64\debug\mybegin.obj
e:\mpi_projects\mpi_demo\mpi_demo\x64\debug\iteration.obj
e:\mpi_projects\mpi_demo\mpi_demo\x64\debug\gemmv.obj
e:\mpi_projects\mpi_demo\mpi_demo\x64\debug\gemmm.obj
e:\mpi_projects\mpi_demo\mpi_demo\x64\debug\diagonal.obj
e:\mpi_projects\mpi_demo\mpi_demo\x64\debug\datatype.obj
e:\mpi_projects\mpi_demo\mpi_demo\x64\debug\cannon.obj
e:\mpi_projects\mpi_demo\mpi_demo\x64\debug\all2all.obj
e:\mpi_projects\mpi_demo\x64\debug\mpi_demo.exe
e:\mpi_projects\mpi_demo\x64\debug\mpi_demo.ilk
e:\mpi_projects\mpi_demo\x64\debug\mpi_demo.pdb
e:\mpi_projects\mpi_demo\mpi_demo\x64\debug\mpi_demo.tlog\cl.command.1.tlog
e:\mpi_projects\mpi_demo\mpi_demo\x64\debug\mpi_demo.tlog\cl.read.1.tlog
e:\mpi_projects\mpi_demo\mpi_demo\x64\debug\mpi_demo.tlog\cl.write.1.tlog
e:\mpi_projects\mpi_demo\mpi_demo\x64\debug\mpi_demo.tlog\link.command.1.tlog
e:\mpi_projects\mpi_demo\mpi_demo\x64\debug\mpi_demo.tlog\link.read.1.tlog
e:\mpi_projects\mpi_demo\mpi_demo\x64\debug\mpi_demo.tlog\link.write.1.tlog
